 * Serving Flask app 'app'
 * Debug mode: on
 * Serving Flask app 'app'
 * Debug mode: on
❌ Temperature read error: list index out of range
 * Serving Flask app 'app'
 * Debug mode: on
 * Serving Flask app 'app'
 * Debug mode: on
❌ Temperature read error: list index out of range
❌ Temperature read error: list index out of range
❌ Temperature read error: list index out of range
❌ Temperature read error: list index out of range
❌ Temperature read error: list index out of range
❌ Temperature read error: list index out of range
❌ Temperature read error: list index out of range
❌ Temperature read error: list index out of range
❌ Temperature read error: list index out of range
❌ Temperature read error: list index out of range
❌ Temperature read error: list index out of range
❌ Temperature read error: list index out of range
 * Serving Flask app 'app'
 * Debug mode: on
❌ No DS18B20 sensor found on BCM 4.
❌ Humidity read error: DHT sensor not found, check wiring
❌ No DS18B20 sensor found on BCM 4.
❌ No DS18B20 sensor found on BCM 4.
❌ Humidity read error: DHT sensor not found, check wiring
❌ No DS18B20 sensor found on BCM 4.
❌ Humidity read error: DHT sensor not found, check wiring
❌ No DS18B20 sensor found on BCM 4.
❌ Humidity read error: DHT sensor not found, check wiring
❌ No DS18B20 sensor found on BCM 4.
❌ Humidity read error: DHT sensor not found, check wiring
❌ No DS18B20 sensor found on BCM 4.
❌ Humidity read error: DHT sensor not found, check wiring
❌ No DS18B20 sensor found on BCM 4.
❌ Humidity read error: DHT sensor not found, check wiring
❌ No DS18B20 sensor found on BCM 4.
❌ Humidity read error: DHT sensor not found, check wiring
❌ No DS18B20 sensor found on BCM 4.
❌ Humidity read error: DHT sensor not found, check wiring
❌ No DS18B20 sensor found on BCM 4.
❌ Humidity read error: DHT sensor not found, check wiring
❌ No DS18B20 sensor found on BCM 4.
❌ Humidity read error: DHT sensor not found, check wiring
❌ No DS18B20 sensor found on BCM 4.
❌ Humidity read error: DHT sensor not found, check wiring
❌ No DS18B20 sensor found on BCM 4.
❌ Humidity read error: DHT sensor not found, check wiring
❌ No DS18B20 sensor found on BCM 4.
❌ Humidity read error: DHT sensor not found, check wiring
❌ No DS18B20 sensor found on BCM 4.
❌ Humidity read error: DHT sensor not found, check wiring
❌ No DS18B20 sensor found on BCM 4.
❌ Humidity read error: DHT sensor not found, check wiring
❌ No DS18B20 sensor found on BCM 4.
❌ Humidity read error: DHT sensor not found, check wiring
❌ No DS18B20 sensor found on BCM 4.
❌ Humidity read error: DHT sensor not found, check wiring
❌ No DS18B20 sensor found on BCM 4.
❌ Humidity read error: DHT sensor not found, check wiring
❌ No DS18B20 sensor found on BCM 4.
❌ Humidity read error: DHT sensor not found, check wiring
❌ No DS18B20 sensor found on BCM 4.
❌ Humidity read error: DHT sensor not found, check wiring
❌ No DS18B20 sensor found on BCM 4.
❌ Humidity read error: DHT sensor not found, check wiring
❌ No DS18B20 sensor found on BCM 4.
❌ Humidity read error: DHT sensor not found, check wiring
❌ No DS18B20 sensor found on BCM 4.
❌ Humidity read error: DHT sensor not found, check wiring
❌ No DS18B20 sensor found on BCM 4.
❌ Humidity read error: DHT sensor not found, check wiring
❌ No DS18B20 sensor found on BCM 4.
❌ Humidity read error: DHT sensor not found, check wiring
❌ No DS18B20 sensor found on BCM 4.
❌ Humidity read error: DHT sensor not found, check wiring
❌ No DS18B20 sensor found on BCM 4.
❌ Humidity read error: DHT sensor not found, check wiring
❌ No DS18B20 sensor found on BCM 4.
❌ Humidity read error: DHT sensor not found, check wiring
❌ No DS18B20 sensor found on BCM 4.
❌ Humidity read error: DHT sensor not found, check wiring
❌ No DS18B20 sensor found on BCM 4.
❌ Humidity read error: DHT sensor not found, check wiring
❌ No DS18B20 sensor found on BCM 4.
❌ Humidity read error: DHT sensor not found, check wiring
❌ No DS18B20 sensor found on BCM 4.
❌ Humidity read error: DHT sensor not found, check wiring
❌ No DS18B20 sensor found on BCM 4.
❌ Humidity read error: DHT sensor not found, check wiring
❌ No DS18B20 sensor found on BCM 4.
❌ Humidity read error: DHT sensor not found, check wiring
❌ No DS18B20 sensor found on BCM 4.
❌ Humidity read error: DHT sensor not found, check wiring
❌ No DS18B20 sensor found on BCM 4.
❌ Humidity read error: DHT sensor not found, check wiring
❌ No DS18B20 sensor found on BCM 4.
❌ Humidity read error: DHT sensor not found, check wiring
❌ No DS18B20 sensor found on BCM 4.
❌ Humidity read error: DHT sensor not found, check wiring
❌ No DS18B20 sensor found on BCM 4.
❌ Humidity read error: DHT sensor not found, check wiring
❌ No DS18B20 sensor found on BCM 4.
❌ Humidity read error: DHT sensor not found, check wiring
❌ No DS18B20 sensor found on BCM 4.
❌ Humidity read error: DHT sensor not found, check wiring
❌ No DS18B20 sensor found on BCM 4.
❌ Humidity read error: DHT sensor not found, check wiring
❌ No DS18B20 sensor found on BCM 4.
❌ Humidity read error: DHT sensor not found, check wiring
❌ No DS18B20 sensor found on BCM 4.
❌ Humidity read error: DHT sensor not found, check wiring
❌ No DS18B20 sensor found on BCM 4.
❌ Humidity read error: DHT sensor not found, check wiring
❌ No DS18B20 sensor found on BCM 4.
❌ Humidity read error: DHT sensor not found, check wiring
❌ No DS18B20 sensor found on BCM 4.
❌ Humidity read error: DHT sensor not found, check wiring
❌ No DS18B20 sensor found on BCM 4.
❌ Humidity read error: DHT sensor not found, check wiring
❌ No DS18B20 sensor found on BCM 4.
❌ Humidity read error: DHT sensor not found, check wiring
❌ No DS18B20 sensor found on BCM 4.
❌ Humidity read error: DHT sensor not found, check wiring
❌ No DS18B20 sensor found on BCM 4.
❌ Humidity read error: DHT sensor not found, check wiring
❌ No DS18B20 sensor found on BCM 4.
❌ Humidity read error: DHT sensor not found, check wiring
❌ No DS18B20 sensor found on BCM 4.
❌ Humidity read error: DHT sensor not found, check wiring
❌ No DS18B20 sensor found on BCM 4.
❌ Humidity read error: DHT sensor not found, check wiring
❌ No DS18B20 sensor found on BCM 4.
❌ Humidity read error: DHT sensor not found, check wiring
❌ No DS18B20 sensor found on BCM 4.
❌ Humidity read error: DHT sensor not found, check wiring
❌ No DS18B20 sensor found on BCM 4.
❌ Humidity read error: DHT sensor not found, check wiring
❌ No DS18B20 sensor found on BCM 4.
❌ Humidity read error: DHT sensor not found, check wiring
❌ No DS18B20 sensor found on BCM 4.
❌ Humidity read error: DHT sensor not found, check wiring
❌ Humidity read error: Checksum did not validate. Try again.
❌ Humidity read error: Checksum did not validate. Try again.
❌ Humidity read error: A full buffer was not returned. Try again.
❌ Humidity read error: Checksum did not validate. Try again.
❌ Humidity read error: Checksum did not validate. Try again.
❌ Temperature read error: not enough values to unpack (expected 2, got 0)
❌ Humidity read error: A full buffer was not returned. Try again.
❌ Humidity read error: A full buffer was not returned. Try again.
❌ Humidity read error: A full buffer was not returned. Try again.
❌ Humidity read error: A full buffer was not returned. Try again.
❌ Humidity read error: A full buffer was not returned. Try again.
❌ Humidity read error: A full buffer was not returned. Try again.
❌ Humidity read error: A full buffer was not returned. Try again.
❌ Humidity read error: A full buffer was not returned. Try again.
❌ Humidity read error: A full buffer was not returned. Try again.
❌ Humidity read error: A full buffer was not returned. Try again.
❌ Humidity read error: A full buffer was not returned. Try again.
❌ Humidity read error: A full buffer was not returned. Try again.
❌ Humidity read error: Checksum did not validate. Try again.
❌ Humidity read error: Checksum did not validate. Try again.
❌ Humidity read error: Checksum did not validate. Try again.
❌ Humidity read error: Checksum did not validate. Try again.
❌ Humidity read error: A full buffer was not returned. Try again.
❌ Humidity read error: A full buffer was not returned. Try again.
❌ Humidity read error: A full buffer was not returned. Try again.
❌ Humidity read error: A full buffer was not returned. Try again.
❌ Humidity read error: A full buffer was not returned. Try again.
❌ Humidity read error: A full buffer was not returned. Try again.
❌ Humidity read error: A full buffer was not returned. Try again.
❌ Humidity read error: A full buffer was not returned. Try again.
❌ Humidity read error: A full buffer was not returned. Try again.
❌ Humidity read error: A full buffer was not returned. Try again.
❌ Humidity read error: A full buffer was not returned. Try again.
❌ Humidity read error: A full buffer was not returned. Try again.
❌ Humidity read error: A full buffer was not returned. Try again.
❌ Temperature read error: not enough values to unpack (expected 2, got 0)
❌ Humidity read error: Checksum did not validate. Try again.
❌ Humidity read error: A full buffer was not returned. Try again.
❌ Humidity read error: A full buffer was not returned. Try again.
❌ Humidity read error: Checksum did not validate. Try again.
❌ Humidity read error: Checksum did not validate. Try again.
❌ Humidity read error: A full buffer was not returned. Try again.
❌ Humidity read error: A full buffer was not returned. Try again.
❌ Humidity read error: Checksum did not validate. Try again.
❌ Humidity read error: Checksum did not validate. Try again.
❌ Humidity read error: Checksum did not validate. Try again.
❌ Humidity read error: Checksum did not validate. Try again.
❌ Humidity read error: Checksum did not validate. Try again.
 * Serving Flask app 'app'
 * Debug mode: on
 * Serving Flask app 'app'
 * Debug mode: on
 * Serving Flask app 'app'
 * Debug mode: on
 * Serving Flask app 'app'
 * Debug mode: on
 * Serving Flask app 'app'
 * Debug mode: on
